  [1m[36m (1.4ms)[0m  [1mCREATE TABLE "schema_migrations" ("version" varchar NOT NULL) [0m
  [1m[35m (0.1ms)[0m  select sqlite_version(*)
  [1m[36m (1.1ms)[0m  [1mCREATE UNIQUE INDEX "unique_schema_migrations" ON "schema_migrations" ("version")[0m
  [1m[35mActiveRecord::SchemaMigration Load (0.1ms)[0m  SELECT "schema_migrations".* FROM "schema_migrations"


Started GET "/" for ::1 at 2015-11-16 16:12:00 -0600
Processing by Rails::WelcomeController#index as HTML
  Rendered /Users/admin/.rvm/gems/ruby-2.1.2/gems/railties-4.2.3/lib/rails/templates/rails/welcome/index.html.erb (1.9ms)
Completed 200 OK in 48ms (Views: 36.7ms | ActiveRecord: 0.0ms)


Started GET "/" for ::1 at 2018-12-14 09:59:10 -0500
Processing by Rails::WelcomeController#index as HTML
  Rendered /Users/danggree/.rvm/gems/ruby-2.3.3/gems/railties-4.2.11/lib/rails/templates/rails/welcome/index.html.erb (2.7ms)
Completed 200 OK in 26ms (Views: 15.6ms | ActiveRecord: 0.0ms)


Started GET "/hello_world" for ::1 at 2018-12-14 09:59:29 -0500
Processing by StaticController#hello_world as HTML
  Rendered static/hello_world.erb within layouts/application (2.3ms)
Completed 200 OK in 544ms (Views: 542.9ms | ActiveRecord: 0.0ms)


Started GET "/assets/jquery.self-bd7ddd393353a8d2480a622e80342adf488fb6006d667e8b42e4c0073393abee.js?body=1" for ::1 at 2018-12-14 09:59:30 -0500


Started GET "/assets/jquery_ujs.self-784a997f6726036b1993eb2217c9cb558e1cbb801c6da88105588c56f13b466a.js?body=1" for ::1 at 2018-12-14 09:59:30 -0500


Started GET "/assets/application.self-3b8dabdc891efe46b9a144b400ad69e37d7e5876bdc39dee783419a69d7ca819.js?body=1" for ::1 at 2018-12-14 09:59:30 -0500


Started GET "/assets/turbolinks.self-569ee74eaa15c1e2019317ff770b8769b1ec033a0f572a485f64c82ddc8f989e.js?body=1" for ::1 at 2018-12-14 09:59:30 -0500


Started GET "/assets/application.self-e80e8f2318043e8af94dddc2adad5a4f09739a8ebb323b3ab31cd71d45fd9113.css?body=1" for ::1 at 2018-12-14 09:59:30 -0500


Started GET "/" for ::1 at 2018-12-14 10:02:44 -0500
Processing by Rails::WelcomeController#index as HTML
  Rendered /Users/danggree/.rvm/gems/ruby-2.3.3/gems/railties-4.2.11/lib/rails/templates/rails/welcome/index.html.erb (2.1ms)
Completed 200 OK in 26ms (Views: 15.5ms | ActiveRecord: 0.0ms)


Started GET "/some_page" for ::1 at 2018-12-14 10:02:50 -0500

ActionController::RoutingError (No route matches [GET] "/some_page"):
  actionpack (4.2.11) lib/action_dispatch/middleware/debug_exceptions.rb:21:in `call'
  actionpack (4.2.11) lib/action_dispatch/middleware/show_exceptions.rb:30:in `call'
  railties (4.2.11) lib/rails/rack/logger.rb:38:in `call_app'
  railties (4.2.11) lib/rails/rack/logger.rb:20:in `block in call'
  activesupport (4.2.11) lib/active_support/tagged_logging.rb:68:in `block in tagged'
  activesupport (4.2.11) lib/active_support/tagged_logging.rb:26:in `tagged'
  activesupport (4.2.11) lib/active_support/tagged_logging.rb:68:in `tagged'
  railties (4.2.11) lib/rails/rack/logger.rb:20:in `call'
  actionpack (4.2.11) lib/action_dispatch/middleware/request_id.rb:21:in `call'
  rack (1.6.11) lib/rack/methodoverride.rb:22:in `call'
  rack (1.6.11) lib/rack/runtime.rb:18:in `call'
  activesupport (4.2.11) lib/active_support/cache/strategy/local_cache_middleware.rb:28:in `call'
  rack (1.6.11) lib/rack/lock.rb:17:in `call'
  actionpack (4.2.11) lib/action_dispatch/middleware/static.rb:120:in `call'
  rack (1.6.11) lib/rack/sendfile.rb:113:in `call'
  railties (4.2.11) lib/rails/engine.rb:518:in `call'
  railties (4.2.11) lib/rails/application.rb:165:in `call'
  rack (1.6.11) lib/rack/lock.rb:17:in `call'
  rack (1.6.11) lib/rack/content_length.rb:15:in `call'
  rack (1.6.11) lib/rack/handler/webrick.rb:88:in `service'
  /Users/danggree/.rvm/rubies/ruby-2.3.3/lib/ruby/2.3.0/webrick/httpserver.rb:140:in `service'
  /Users/danggree/.rvm/rubies/ruby-2.3.3/lib/ruby/2.3.0/webrick/httpserver.rb:96:in `run'
  /Users/danggree/.rvm/rubies/ruby-2.3.3/lib/ruby/2.3.0/webrick/server.rb:296:in `block in start_thread'


  Rendered /Users/danggree/.rvm/gems/ruby-2.3.3/gems/actionpack-4.2.11/lib/action_dispatch/middleware/templates/rescues/_trace.html.erb (1.4ms)
  Rendered /Users/danggree/.rvm/gems/ruby-2.3.3/gems/actionpack-4.2.11/lib/action_dispatch/middleware/templates/routes/_route.html.erb (0.8ms)
  Rendered /Users/danggree/.rvm/gems/ruby-2.3.3/gems/actionpack-4.2.11/lib/action_dispatch/middleware/templates/routes/_table.html.erb (9.8ms)
  Rendered /Users/danggree/.rvm/gems/ruby-2.3.3/gems/actionpack-4.2.11/lib/action_dispatch/middleware/templates/rescues/_request_and_response.html.erb (1.4ms)
  Rendered /Users/danggree/.rvm/gems/ruby-2.3.3/gems/actionpack-4.2.11/lib/action_dispatch/middleware/templates/rescues/routing_error.html.erb within rescues/layout (131.0ms)


Started GET "/some_page" for ::1 at 2018-12-14 10:03:15 -0500

SyntaxError (/Users/danggree/Development/lab/rails-hello-world-lab-nyc-web-111918/app/controllers/static_controller.rb:8: syntax error, unexpected tSTRING_BEG, expecting keyword_end
/Users/danggree/Development/lab/rails-hello-world-lab-nyc-web-111918/app/controllers/static_controller.rb:9: syntax error, unexpected tIDENTIFIER, expecting keyword_end
    # or render "some_page"
                          ^
/Users/danggree/Development/lab/rails-hello-world-lab-nyc-web-111918/app/controllers/static_controller.rb:9: unterminated string meets end of file
/Users/danggree/Development/lab/rails-hello-world-lab-nyc-web-111918/app/controllers/static_controller.rb:9: syntax error, unexpected end-of-input, expecting keyword_end):
  app/controllers/static_controller.rb:8: syntax error, unexpected tSTRING_BEG, expecting keyword_end
  app/controllers/static_controller.rb:9: syntax error, unexpected tIDENTIFIER, expecting keyword_end
  app/controllers/static_controller.rb:9: unterminated string meets end of file
  app/controllers/static_controller.rb:9: syntax error, unexpected end-of-input, expecting keyword_end


  Rendered /Users/danggree/.rvm/gems/ruby-2.3.3/gems/actionpack-4.2.11/lib/action_dispatch/middleware/templates/rescues/_source.erb (3.6ms)
  Rendered /Users/danggree/.rvm/gems/ruby-2.3.3/gems/actionpack-4.2.11/lib/action_dispatch/middleware/templates/rescues/_trace.html.erb (1.8ms)
  Rendered /Users/danggree/.rvm/gems/ruby-2.3.3/gems/actionpack-4.2.11/lib/action_dispatch/middleware/templates/rescues/_request_and_response.html.erb (1.0ms)
  Rendered /Users/danggree/.rvm/gems/ruby-2.3.3/gems/actionpack-4.2.11/lib/action_dispatch/middleware/templates/rescues/diagnostics.html.erb within rescues/layout (81.9ms)


Started GET "/about" for ::1 at 2018-12-14 10:03:19 -0500

ActionController::RoutingError (No route matches [GET] "/about"):
  actionpack (4.2.11) lib/action_dispatch/middleware/debug_exceptions.rb:21:in `call'
  actionpack (4.2.11) lib/action_dispatch/middleware/show_exceptions.rb:30:in `call'
  railties (4.2.11) lib/rails/rack/logger.rb:38:in `call_app'
  railties (4.2.11) lib/rails/rack/logger.rb:20:in `block in call'
  activesupport (4.2.11) lib/active_support/tagged_logging.rb:68:in `block in tagged'
  activesupport (4.2.11) lib/active_support/tagged_logging.rb:26:in `tagged'
  activesupport (4.2.11) lib/active_support/tagged_logging.rb:68:in `tagged'
  railties (4.2.11) lib/rails/rack/logger.rb:20:in `call'
  actionpack (4.2.11) lib/action_dispatch/middleware/request_id.rb:21:in `call'
  rack (1.6.11) lib/rack/methodoverride.rb:22:in `call'
  rack (1.6.11) lib/rack/runtime.rb:18:in `call'
  activesupport (4.2.11) lib/active_support/cache/strategy/local_cache_middleware.rb:28:in `call'
  rack (1.6.11) lib/rack/lock.rb:17:in `call'
  actionpack (4.2.11) lib/action_dispatch/middleware/static.rb:120:in `call'
  rack (1.6.11) lib/rack/sendfile.rb:113:in `call'
  railties (4.2.11) lib/rails/engine.rb:518:in `call'
  railties (4.2.11) lib/rails/application.rb:165:in `call'
  rack (1.6.11) lib/rack/lock.rb:17:in `call'
  rack (1.6.11) lib/rack/content_length.rb:15:in `call'
  rack (1.6.11) lib/rack/handler/webrick.rb:88:in `service'
  /Users/danggree/.rvm/rubies/ruby-2.3.3/lib/ruby/2.3.0/webrick/httpserver.rb:140:in `service'
  /Users/danggree/.rvm/rubies/ruby-2.3.3/lib/ruby/2.3.0/webrick/httpserver.rb:96:in `run'
  /Users/danggree/.rvm/rubies/ruby-2.3.3/lib/ruby/2.3.0/webrick/server.rb:296:in `block in start_thread'


  Rendered /Users/danggree/.rvm/gems/ruby-2.3.3/gems/actionpack-4.2.11/lib/action_dispatch/middleware/templates/rescues/_trace.html.erb (1.2ms)
  Rendered /Users/danggree/.rvm/gems/ruby-2.3.3/gems/actionpack-4.2.11/lib/action_dispatch/middleware/templates/routes/_route.html.erb (0.7ms)
  Rendered /Users/danggree/.rvm/gems/ruby-2.3.3/gems/actionpack-4.2.11/lib/action_dispatch/middleware/templates/routes/_table.html.erb (1.1ms)
  Rendered /Users/danggree/.rvm/gems/ruby-2.3.3/gems/actionpack-4.2.11/lib/action_dispatch/middleware/templates/rescues/_request_and_response.html.erb (2.1ms)
  Rendered /Users/danggree/.rvm/gems/ruby-2.3.3/gems/actionpack-4.2.11/lib/action_dispatch/middleware/templates/rescues/routing_error.html.erb within rescues/layout (121.1ms)


Started GET "/some_page" for ::1 at 2018-12-14 10:03:32 -0500

SyntaxError (/Users/danggree/Development/lab/rails-hello-world-lab-nyc-web-111918/app/controllers/static_controller.rb:8: syntax error, unexpected tSTRING_BEG, expecting keyword_end
/Users/danggree/Development/lab/rails-hello-world-lab-nyc-web-111918/app/controllers/static_controller.rb:9: syntax error, unexpected tIDENTIFIER, expecting keyword_end
    # or render "some_page"
                          ^
/Users/danggree/Development/lab/rails-hello-world-lab-nyc-web-111918/app/controllers/static_controller.rb:9: unterminated string meets end of file
/Users/danggree/Development/lab/rails-hello-world-lab-nyc-web-111918/app/controllers/static_controller.rb:9: syntax error, unexpected end-of-input, expecting keyword_end):
  app/controllers/static_controller.rb:8: syntax error, unexpected tSTRING_BEG, expecting keyword_end
  app/controllers/static_controller.rb:9: syntax error, unexpected tIDENTIFIER, expecting keyword_end
  app/controllers/static_controller.rb:9: unterminated string meets end of file
  app/controllers/static_controller.rb:9: syntax error, unexpected end-of-input, expecting keyword_end


  Rendered /Users/danggree/.rvm/gems/ruby-2.3.3/gems/actionpack-4.2.11/lib/action_dispatch/middleware/templates/rescues/_source.erb (5.0ms)
  Rendered /Users/danggree/.rvm/gems/ruby-2.3.3/gems/actionpack-4.2.11/lib/action_dispatch/middleware/templates/rescues/_trace.html.erb (1.8ms)
  Rendered /Users/danggree/.rvm/gems/ruby-2.3.3/gems/actionpack-4.2.11/lib/action_dispatch/middleware/templates/rescues/_request_and_response.html.erb (1.1ms)
  Rendered /Users/danggree/.rvm/gems/ruby-2.3.3/gems/actionpack-4.2.11/lib/action_dispatch/middleware/templates/rescues/diagnostics.html.erb within rescues/layout (81.9ms)


Started GET "/some_page" for ::1 at 2018-12-14 10:03:39 -0500

SyntaxError (/Users/danggree/Development/lab/rails-hello-world-lab-nyc-web-111918/app/controllers/static_controller.rb:8: syntax error, unexpected tSTRING_BEG, expecting keyword_end
/Users/danggree/Development/lab/rails-hello-world-lab-nyc-web-111918/app/controllers/static_controller.rb:9: syntax error, unexpected tIDENTIFIER, expecting keyword_end
    # or render "some_page"
                          ^
/Users/danggree/Development/lab/rails-hello-world-lab-nyc-web-111918/app/controllers/static_controller.rb:9: unterminated string meets end of file
/Users/danggree/Development/lab/rails-hello-world-lab-nyc-web-111918/app/controllers/static_controller.rb:9: syntax error, unexpected end-of-input, expecting keyword_end):
  app/controllers/static_controller.rb:8: syntax error, unexpected tSTRING_BEG, expecting keyword_end
  app/controllers/static_controller.rb:9: syntax error, unexpected tIDENTIFIER, expecting keyword_end
  app/controllers/static_controller.rb:9: unterminated string meets end of file
  app/controllers/static_controller.rb:9: syntax error, unexpected end-of-input, expecting keyword_end


  Rendered /Users/danggree/.rvm/gems/ruby-2.3.3/gems/actionpack-4.2.11/lib/action_dispatch/middleware/templates/rescues/_source.erb (3.7ms)
  Rendered /Users/danggree/.rvm/gems/ruby-2.3.3/gems/actionpack-4.2.11/lib/action_dispatch/middleware/templates/rescues/_trace.html.erb (2.0ms)
  Rendered /Users/danggree/.rvm/gems/ruby-2.3.3/gems/actionpack-4.2.11/lib/action_dispatch/middleware/templates/rescues/_request_and_response.html.erb (1.1ms)
  Rendered /Users/danggree/.rvm/gems/ruby-2.3.3/gems/actionpack-4.2.11/lib/action_dispatch/middleware/templates/rescues/diagnostics.html.erb within rescues/layout (82.7ms)


Started GET "/some_page" for ::1 at 2018-12-14 10:03:41 -0500

SyntaxError (/Users/danggree/Development/lab/rails-hello-world-lab-nyc-web-111918/app/controllers/static_controller.rb:8: syntax error, unexpected tSTRING_BEG, expecting keyword_end
/Users/danggree/Development/lab/rails-hello-world-lab-nyc-web-111918/app/controllers/static_controller.rb:9: syntax error, unexpected tIDENTIFIER, expecting keyword_end
    # or render "some_page"
                          ^
/Users/danggree/Development/lab/rails-hello-world-lab-nyc-web-111918/app/controllers/static_controller.rb:9: unterminated string meets end of file
/Users/danggree/Development/lab/rails-hello-world-lab-nyc-web-111918/app/controllers/static_controller.rb:9: syntax error, unexpected end-of-input, expecting keyword_end):
  app/controllers/static_controller.rb:8: syntax error, unexpected tSTRING_BEG, expecting keyword_end
  app/controllers/static_controller.rb:9: syntax error, unexpected tIDENTIFIER, expecting keyword_end
  app/controllers/static_controller.rb:9: unterminated string meets end of file
  app/controllers/static_controller.rb:9: syntax error, unexpected end-of-input, expecting keyword_end


  Rendered /Users/danggree/.rvm/gems/ruby-2.3.3/gems/actionpack-4.2.11/lib/action_dispatch/middleware/templates/rescues/_source.erb (3.4ms)
  Rendered /Users/danggree/.rvm/gems/ruby-2.3.3/gems/actionpack-4.2.11/lib/action_dispatch/middleware/templates/rescues/_trace.html.erb (1.8ms)
  Rendered /Users/danggree/.rvm/gems/ruby-2.3.3/gems/actionpack-4.2.11/lib/action_dispatch/middleware/templates/rescues/_request_and_response.html.erb (0.9ms)
  Rendered /Users/danggree/.rvm/gems/ruby-2.3.3/gems/actionpack-4.2.11/lib/action_dispatch/middleware/templates/rescues/diagnostics.html.erb within rescues/layout (80.9ms)


Started GET "/some_page" for ::1 at 2018-12-14 10:04:04 -0500
Processing by StaticController#some_page as HTML
  Rendered static/some_page.erb within layouts/application (0.3ms)
Completed 200 OK in 267ms (Views: 266.1ms | ActiveRecord: 0.0ms)
